mode: set
github.com/bobz965/kube-ovn-operator/internal/controller/dump.go:9.41,11.16 2 0
github.com/bobz965/kube-ovn-operator/internal/controller/dump.go:11.16,13.3 1 0
github.com/bobz965/kube-ovn-operator/internal/controller/dump.go:14.2,14.23 1 0
github.com/bobz965/kube-ovn-operator/internal/controller/stats.go:35.13,40.2 4 1
github.com/bobz965/kube-ovn-operator/internal/controller/vpngw_controller.go:74.89,75.26 1 0
github.com/bobz965/kube-ovn-operator/internal/controller/vpngw_controller.go:75.26,79.3 3 0
github.com/bobz965/kube-ovn-operator/internal/controller/vpngw_controller.go:80.2,80.22 1 0
github.com/bobz965/kube-ovn-operator/internal/controller/vpngw_controller.go:80.22,82.3 1 0
github.com/bobz965/kube-ovn-operator/internal/controller/vpngw_controller.go:83.2,83.50 1 0
github.com/bobz965/kube-ovn-operator/internal/controller/vpngw_controller.go:83.50,87.3 3 0
github.com/bobz965/kube-ovn-operator/internal/controller/vpngw_controller.go:88.2,88.26 1 0
github.com/bobz965/kube-ovn-operator/internal/controller/vpngw_controller.go:88.26,89.31 1 0
github.com/bobz965/kube-ovn-operator/internal/controller/vpngw_controller.go:89.31,93.4 3 0
github.com/bobz965/kube-ovn-operator/internal/controller/vpngw_controller.go:94.3,94.30 1 0
github.com/bobz965/kube-ovn-operator/internal/controller/vpngw_controller.go:94.30,98.4 3 0
github.com/bobz965/kube-ovn-operator/internal/controller/vpngw_controller.go:99.3,99.28 1 0
github.com/bobz965/kube-ovn-operator/internal/controller/vpngw_controller.go:99.28,103.4 3 0
github.com/bobz965/kube-ovn-operator/internal/controller/vpngw_controller.go:104.3,104.35 1 0
github.com/bobz965/kube-ovn-operator/internal/controller/vpngw_controller.go:104.35,108.4 3 0
github.com/bobz965/kube-ovn-operator/internal/controller/vpngw_controller.go:109.3,109.63 1 0
github.com/bobz965/kube-ovn-operator/internal/controller/vpngw_controller.go:109.63,113.4 3 0
github.com/bobz965/kube-ovn-operator/internal/controller/vpngw_controller.go:114.3,114.32 1 0
github.com/bobz965/kube-ovn-operator/internal/controller/vpngw_controller.go:114.32,118.4 3 0
github.com/bobz965/kube-ovn-operator/internal/controller/vpngw_controller.go:120.2,120.12 1 0
github.com/bobz965/kube-ovn-operator/internal/controller/vpngw_controller.go:123.61,124.52 1 0
github.com/bobz965/kube-ovn-operator/internal/controller/vpngw_controller.go:124.52,128.3 2 0
github.com/bobz965/kube-ovn-operator/internal/controller/vpngw_controller.go:129.2,129.32 1 0
github.com/bobz965/kube-ovn-operator/internal/controller/vpngw_controller.go:129.32,132.3 2 0
github.com/bobz965/kube-ovn-operator/internal/controller/vpngw_controller.go:133.2,133.44 1 0
github.com/bobz965/kube-ovn-operator/internal/controller/vpngw_controller.go:133.44,136.3 2 0
github.com/bobz965/kube-ovn-operator/internal/controller/vpngw_controller.go:137.2,137.52 1 0
github.com/bobz965/kube-ovn-operator/internal/controller/vpngw_controller.go:137.52,140.3 2 0
github.com/bobz965/kube-ovn-operator/internal/controller/vpngw_controller.go:141.2,141.56 1 0
github.com/bobz965/kube-ovn-operator/internal/controller/vpngw_controller.go:141.56,144.3 2 0
github.com/bobz965/kube-ovn-operator/internal/controller/vpngw_controller.go:145.2,145.48 1 0
github.com/bobz965/kube-ovn-operator/internal/controller/vpngw_controller.go:145.48,148.3 2 0
github.com/bobz965/kube-ovn-operator/internal/controller/vpngw_controller.go:149.2,149.46 1 0
github.com/bobz965/kube-ovn-operator/internal/controller/vpngw_controller.go:149.46,152.3 2 0
github.com/bobz965/kube-ovn-operator/internal/controller/vpngw_controller.go:153.2,153.44 1 0
github.com/bobz965/kube-ovn-operator/internal/controller/vpngw_controller.go:153.44,156.3 2 0
github.com/bobz965/kube-ovn-operator/internal/controller/vpngw_controller.go:157.2,157.56 1 0
github.com/bobz965/kube-ovn-operator/internal/controller/vpngw_controller.go:157.56,160.3 2 0
github.com/bobz965/kube-ovn-operator/internal/controller/vpngw_controller.go:161.2,161.62 1 0
github.com/bobz965/kube-ovn-operator/internal/controller/vpngw_controller.go:161.62,164.3 2 0
github.com/bobz965/kube-ovn-operator/internal/controller/vpngw_controller.go:165.2,165.68 1 0
github.com/bobz965/kube-ovn-operator/internal/controller/vpngw_controller.go:165.68,168.3 2 0
github.com/bobz965/kube-ovn-operator/internal/controller/vpngw_controller.go:169.2,169.62 1 0
github.com/bobz965/kube-ovn-operator/internal/controller/vpngw_controller.go:169.62,172.3 2 0
github.com/bobz965/kube-ovn-operator/internal/controller/vpngw_controller.go:173.2,173.14 1 0
github.com/bobz965/kube-ovn-operator/internal/controller/vpngw_controller.go:176.123,183.51 6 0
github.com/bobz965/kube-ovn-operator/internal/controller/vpngw_controller.go:183.51,185.3 1 0
github.com/bobz965/kube-ovn-operator/internal/controller/vpngw_controller.go:186.2,190.41 2 0
github.com/bobz965/kube-ovn-operator/internal/controller/vpngw_controller.go:190.41,192.3 1 0
github.com/bobz965/kube-ovn-operator/internal/controller/vpngw_controller.go:194.2,195.37 2 0
github.com/bobz965/kube-ovn-operator/internal/controller/vpngw_controller.go:195.37,197.22 2 0
github.com/bobz965/kube-ovn-operator/internal/controller/vpngw_controller.go:197.22,198.12 1 0
github.com/bobz965/kube-ovn-operator/internal/controller/vpngw_controller.go:200.3,200.71 1 0
github.com/bobz965/kube-ovn-operator/internal/controller/vpngw_controller.go:203.2,204.26 2 0
github.com/bobz965/kube-ovn-operator/internal/controller/vpngw_controller.go:204.26,236.3 2 0
github.com/bobz965/kube-ovn-operator/internal/controller/vpngw_controller.go:237.2,237.28 1 0
github.com/bobz965/kube-ovn-operator/internal/controller/vpngw_controller.go:237.28,250.3 2 0
github.com/bobz965/kube-ovn-operator/internal/controller/vpngw_controller.go:252.2,283.8 3 0
github.com/bobz965/kube-ovn-operator/internal/controller/vpngw_controller.go:287.58,292.2 1 0
github.com/bobz965/kube-ovn-operator/internal/controller/vpngw_controller.go:294.97,304.16 7 0
github.com/bobz965/kube-ovn-operator/internal/controller/vpngw_controller.go:304.16,305.32 1 0
github.com/bobz965/kube-ovn-operator/internal/controller/vpngw_controller.go:305.32,307.4 1 0
github.com/bobz965/kube-ovn-operator/internal/controller/vpngw_controller.go:307.9,310.4 2 0
github.com/bobz965/kube-ovn-operator/internal/controller/vpngw_controller.go:312.2,312.18 1 0
github.com/bobz965/kube-ovn-operator/internal/controller/vpngw_controller.go:312.18,315.17 3 0
github.com/bobz965/kube-ovn-operator/internal/controller/vpngw_controller.go:315.17,318.4 2 0
github.com/bobz965/kube-ovn-operator/internal/controller/vpngw_controller.go:319.3,320.17 2 0
github.com/bobz965/kube-ovn-operator/internal/controller/vpngw_controller.go:320.17,323.4 2 0
github.com/bobz965/kube-ovn-operator/internal/controller/vpngw_controller.go:324.3,324.26 1 0
github.com/bobz965/kube-ovn-operator/internal/controller/vpngw_controller.go:326.2,327.38 2 0
github.com/bobz965/kube-ovn-operator/internal/controller/vpngw_controller.go:327.38,329.3 1 0
github.com/bobz965/kube-ovn-operator/internal/controller/vpngw_controller.go:330.2,330.18 1 0
github.com/bobz965/kube-ovn-operator/internal/controller/vpngw_controller.go:330.18,333.17 3 0
github.com/bobz965/kube-ovn-operator/internal/controller/vpngw_controller.go:333.17,336.4 2 0
github.com/bobz965/kube-ovn-operator/internal/controller/vpngw_controller.go:337.3,338.17 2 0
github.com/bobz965/kube-ovn-operator/internal/controller/vpngw_controller.go:338.17,341.4 2 0
github.com/bobz965/kube-ovn-operator/internal/controller/vpngw_controller.go:342.3,342.26 1 0
github.com/bobz965/kube-ovn-operator/internal/controller/vpngw_controller.go:344.2,344.25 1 0
github.com/bobz965/kube-ovn-operator/internal/controller/vpngw_controller.go:357.97,366.16 6 0
github.com/bobz965/kube-ovn-operator/internal/controller/vpngw_controller.go:366.16,369.3 2 0
github.com/bobz965/kube-ovn-operator/internal/controller/vpngw_controller.go:370.2,370.15 1 0
github.com/bobz965/kube-ovn-operator/internal/controller/vpngw_controller.go:370.15,372.3 1 0
github.com/bobz965/kube-ovn-operator/internal/controller/vpngw_controller.go:374.2,374.60 1 0
github.com/bobz965/kube-ovn-operator/internal/controller/vpngw_controller.go:374.60,377.3 2 0
github.com/bobz965/kube-ovn-operator/internal/controller/vpngw_controller.go:380.2,384.13 3 0
github.com/bobz965/kube-ovn-operator/internal/controller/vpngw_controller.go:385.22,388.33 3 0
github.com/bobz965/kube-ovn-operator/internal/controller/vpngw_controller.go:389.29,392.28 3 0
github.com/bobz965/kube-ovn-operator/internal/controller/vpngw_controller.go:394.2,394.27 1 0
github.com/bobz965/kube-ovn-operator/internal/controller/vpngw_controller.go:398.68,403.38 1 0
github.com/bobz965/kube-ovn-operator/internal/controller/vpngw_controller.go:403.38,405.14 2 0
github.com/bobz965/kube-ovn-operator/internal/controller/vpngw_controller.go:405.14,409.8 3 0
github.com/bobz965/kube-ovn-operator/internal/controller/vpngw_controller.go:410.7,411.18 2 0
github.com/bobz965/kube-ovn-operator/internal/controller/vpngw_controller.go:420.108,423.31 3 0
github.com/bobz965/kube-ovn-operator/internal/controller/vpngw_controller.go:423.31,425.3 1 0
github.com/bobz965/kube-ovn-operator/internal/controller/vpngw_controller.go:426.2,426.16 1 0
github.com/bobz965/kube-ovn-operator/internal/controller/vpngw_controller.go:426.16,428.3 1 0
github.com/bobz965/kube-ovn-operator/internal/controller/vpngw_controller.go:429.2,429.18 1 0
