mode: set
github.com/bobz965/kube-ovn-operator/internal/controller/stats.go:35.13,40.2 4 1
github.com/bobz965/kube-ovn-operator/internal/controller/vpngw_controller.go:76.89,77.26 1 0
github.com/bobz965/kube-ovn-operator/internal/controller/vpngw_controller.go:77.26,81.3 3 0
github.com/bobz965/kube-ovn-operator/internal/controller/vpngw_controller.go:82.2,82.22 1 0
github.com/bobz965/kube-ovn-operator/internal/controller/vpngw_controller.go:82.22,84.3 1 0
github.com/bobz965/kube-ovn-operator/internal/controller/vpngw_controller.go:85.2,85.50 1 0
github.com/bobz965/kube-ovn-operator/internal/controller/vpngw_controller.go:85.50,89.3 3 0
github.com/bobz965/kube-ovn-operator/internal/controller/vpngw_controller.go:90.2,90.26 1 0
github.com/bobz965/kube-ovn-operator/internal/controller/vpngw_controller.go:90.26,91.31 1 0
github.com/bobz965/kube-ovn-operator/internal/controller/vpngw_controller.go:91.31,95.4 3 0
github.com/bobz965/kube-ovn-operator/internal/controller/vpngw_controller.go:96.3,96.30 1 0
github.com/bobz965/kube-ovn-operator/internal/controller/vpngw_controller.go:96.30,100.4 3 0
github.com/bobz965/kube-ovn-operator/internal/controller/vpngw_controller.go:101.3,101.28 1 0
github.com/bobz965/kube-ovn-operator/internal/controller/vpngw_controller.go:101.28,105.4 3 0
github.com/bobz965/kube-ovn-operator/internal/controller/vpngw_controller.go:106.3,106.35 1 0
github.com/bobz965/kube-ovn-operator/internal/controller/vpngw_controller.go:106.35,110.4 3 0
github.com/bobz965/kube-ovn-operator/internal/controller/vpngw_controller.go:111.3,111.63 1 0
github.com/bobz965/kube-ovn-operator/internal/controller/vpngw_controller.go:111.63,115.4 3 0
github.com/bobz965/kube-ovn-operator/internal/controller/vpngw_controller.go:116.3,116.32 1 0
github.com/bobz965/kube-ovn-operator/internal/controller/vpngw_controller.go:116.32,120.4 3 0
github.com/bobz965/kube-ovn-operator/internal/controller/vpngw_controller.go:122.2,122.12 1 0
github.com/bobz965/kube-ovn-operator/internal/controller/vpngw_controller.go:125.61,126.52 1 0
github.com/bobz965/kube-ovn-operator/internal/controller/vpngw_controller.go:126.52,130.3 2 0
github.com/bobz965/kube-ovn-operator/internal/controller/vpngw_controller.go:131.2,131.32 1 0
github.com/bobz965/kube-ovn-operator/internal/controller/vpngw_controller.go:131.32,134.3 2 0
github.com/bobz965/kube-ovn-operator/internal/controller/vpngw_controller.go:135.2,135.44 1 0
github.com/bobz965/kube-ovn-operator/internal/controller/vpngw_controller.go:135.44,138.3 2 0
github.com/bobz965/kube-ovn-operator/internal/controller/vpngw_controller.go:139.2,139.52 1 0
github.com/bobz965/kube-ovn-operator/internal/controller/vpngw_controller.go:139.52,142.3 2 0
github.com/bobz965/kube-ovn-operator/internal/controller/vpngw_controller.go:143.2,143.56 1 0
github.com/bobz965/kube-ovn-operator/internal/controller/vpngw_controller.go:143.56,146.3 2 0
github.com/bobz965/kube-ovn-operator/internal/controller/vpngw_controller.go:147.2,147.48 1 0
github.com/bobz965/kube-ovn-operator/internal/controller/vpngw_controller.go:147.48,150.3 2 0
github.com/bobz965/kube-ovn-operator/internal/controller/vpngw_controller.go:151.2,151.46 1 0
github.com/bobz965/kube-ovn-operator/internal/controller/vpngw_controller.go:151.46,154.3 2 0
github.com/bobz965/kube-ovn-operator/internal/controller/vpngw_controller.go:155.2,155.44 1 0
github.com/bobz965/kube-ovn-operator/internal/controller/vpngw_controller.go:155.44,158.3 2 0
github.com/bobz965/kube-ovn-operator/internal/controller/vpngw_controller.go:159.2,159.56 1 0
github.com/bobz965/kube-ovn-operator/internal/controller/vpngw_controller.go:159.56,162.3 2 0
github.com/bobz965/kube-ovn-operator/internal/controller/vpngw_controller.go:163.2,163.62 1 0
github.com/bobz965/kube-ovn-operator/internal/controller/vpngw_controller.go:163.62,166.3 2 0
github.com/bobz965/kube-ovn-operator/internal/controller/vpngw_controller.go:167.2,167.68 1 0
github.com/bobz965/kube-ovn-operator/internal/controller/vpngw_controller.go:167.68,170.3 2 0
github.com/bobz965/kube-ovn-operator/internal/controller/vpngw_controller.go:171.2,171.62 1 0
github.com/bobz965/kube-ovn-operator/internal/controller/vpngw_controller.go:171.62,174.3 2 0
github.com/bobz965/kube-ovn-operator/internal/controller/vpngw_controller.go:175.2,175.14 1 0
github.com/bobz965/kube-ovn-operator/internal/controller/vpngw_controller.go:178.123,188.51 9 0
github.com/bobz965/kube-ovn-operator/internal/controller/vpngw_controller.go:188.51,190.3 1 0
github.com/bobz965/kube-ovn-operator/internal/controller/vpngw_controller.go:191.2,195.41 2 0
github.com/bobz965/kube-ovn-operator/internal/controller/vpngw_controller.go:195.41,197.3 1 0
github.com/bobz965/kube-ovn-operator/internal/controller/vpngw_controller.go:199.2,200.26 2 0
github.com/bobz965/kube-ovn-operator/internal/controller/vpngw_controller.go:200.26,236.3 2 0
github.com/bobz965/kube-ovn-operator/internal/controller/vpngw_controller.go:237.2,237.28 1 0
github.com/bobz965/kube-ovn-operator/internal/controller/vpngw_controller.go:237.28,250.3 2 0
github.com/bobz965/kube-ovn-operator/internal/controller/vpngw_controller.go:252.2,278.31 2 0
github.com/bobz965/kube-ovn-operator/internal/controller/vpngw_controller.go:278.31,281.38 3 0
github.com/bobz965/kube-ovn-operator/internal/controller/vpngw_controller.go:281.38,283.23 2 0
github.com/bobz965/kube-ovn-operator/internal/controller/vpngw_controller.go:283.23,284.13 1 0
github.com/bobz965/kube-ovn-operator/internal/controller/vpngw_controller.go:286.4,286.72 1 0
github.com/bobz965/kube-ovn-operator/internal/controller/vpngw_controller.go:288.3,288.53 1 0
github.com/bobz965/kube-ovn-operator/internal/controller/vpngw_controller.go:291.2,291.34 1 0
github.com/bobz965/kube-ovn-operator/internal/controller/vpngw_controller.go:291.34,294.3 2 0
github.com/bobz965/kube-ovn-operator/internal/controller/vpngw_controller.go:296.2,298.43 1 0
github.com/bobz965/kube-ovn-operator/internal/controller/vpngw_controller.go:298.43,301.3 2 0
github.com/bobz965/kube-ovn-operator/internal/controller/vpngw_controller.go:304.2,305.8 2 0
github.com/bobz965/kube-ovn-operator/internal/controller/vpngw_controller.go:309.58,314.2 1 0
github.com/bobz965/kube-ovn-operator/internal/controller/vpngw_controller.go:316.97,326.16 7 0
github.com/bobz965/kube-ovn-operator/internal/controller/vpngw_controller.go:326.16,327.32 1 0
github.com/bobz965/kube-ovn-operator/internal/controller/vpngw_controller.go:327.32,329.4 1 0
github.com/bobz965/kube-ovn-operator/internal/controller/vpngw_controller.go:329.9,332.4 2 0
github.com/bobz965/kube-ovn-operator/internal/controller/vpngw_controller.go:334.2,334.18 1 0
github.com/bobz965/kube-ovn-operator/internal/controller/vpngw_controller.go:334.18,337.17 3 0
github.com/bobz965/kube-ovn-operator/internal/controller/vpngw_controller.go:337.17,340.4 2 0
github.com/bobz965/kube-ovn-operator/internal/controller/vpngw_controller.go:341.3,342.17 2 0
github.com/bobz965/kube-ovn-operator/internal/controller/vpngw_controller.go:342.17,345.4 2 0
github.com/bobz965/kube-ovn-operator/internal/controller/vpngw_controller.go:346.3,346.26 1 0
github.com/bobz965/kube-ovn-operator/internal/controller/vpngw_controller.go:348.2,349.38 2 0
github.com/bobz965/kube-ovn-operator/internal/controller/vpngw_controller.go:349.38,351.3 1 0
github.com/bobz965/kube-ovn-operator/internal/controller/vpngw_controller.go:352.2,352.18 1 0
github.com/bobz965/kube-ovn-operator/internal/controller/vpngw_controller.go:352.18,355.17 3 0
github.com/bobz965/kube-ovn-operator/internal/controller/vpngw_controller.go:355.17,358.4 2 0
github.com/bobz965/kube-ovn-operator/internal/controller/vpngw_controller.go:359.3,360.17 2 0
github.com/bobz965/kube-ovn-operator/internal/controller/vpngw_controller.go:360.17,363.4 2 0
github.com/bobz965/kube-ovn-operator/internal/controller/vpngw_controller.go:364.3,364.26 1 0
github.com/bobz965/kube-ovn-operator/internal/controller/vpngw_controller.go:366.2,366.25 1 0
github.com/bobz965/kube-ovn-operator/internal/controller/vpngw_controller.go:379.97,388.16 6 0
github.com/bobz965/kube-ovn-operator/internal/controller/vpngw_controller.go:388.16,391.3 2 0
github.com/bobz965/kube-ovn-operator/internal/controller/vpngw_controller.go:392.2,392.15 1 0
github.com/bobz965/kube-ovn-operator/internal/controller/vpngw_controller.go:392.15,394.3 1 0
github.com/bobz965/kube-ovn-operator/internal/controller/vpngw_controller.go:396.2,396.60 1 0
github.com/bobz965/kube-ovn-operator/internal/controller/vpngw_controller.go:396.60,399.3 2 0
github.com/bobz965/kube-ovn-operator/internal/controller/vpngw_controller.go:402.2,406.13 3 0
github.com/bobz965/kube-ovn-operator/internal/controller/vpngw_controller.go:407.22,410.33 3 0
github.com/bobz965/kube-ovn-operator/internal/controller/vpngw_controller.go:411.29,414.28 3 0
github.com/bobz965/kube-ovn-operator/internal/controller/vpngw_controller.go:416.2,416.27 1 0
github.com/bobz965/kube-ovn-operator/internal/controller/vpngw_controller.go:420.68,425.38 1 0
github.com/bobz965/kube-ovn-operator/internal/controller/vpngw_controller.go:425.38,427.14 2 0
github.com/bobz965/kube-ovn-operator/internal/controller/vpngw_controller.go:427.14,431.8 3 0
github.com/bobz965/kube-ovn-operator/internal/controller/vpngw_controller.go:432.7,432.18 1 0
github.com/bobz965/kube-ovn-operator/internal/controller/vpngw_controller.go:441.108,444.31 3 0
github.com/bobz965/kube-ovn-operator/internal/controller/vpngw_controller.go:444.31,446.3 1 0
github.com/bobz965/kube-ovn-operator/internal/controller/vpngw_controller.go:447.2,447.16 1 0
github.com/bobz965/kube-ovn-operator/internal/controller/vpngw_controller.go:447.16,449.3 1 0
github.com/bobz965/kube-ovn-operator/internal/controller/vpngw_controller.go:450.2,450.18 1 0
